{"C:\\Users\\Danny\\Desktop\\work\\brighterion\\app\\actions\\index.tsx": {"path":"C:\\Users\\Danny\\Desktop\\work\\brighterion\\app\\actions\\index.tsx","statementMap":{"0":{"start":{"line":1,"column":0},"end":{"line":1,"column":59}},"1":{"start":{"line":4,"column":13},"end":{"line":14,"column":2}},"2":{"start":{"line":5,"column":4},"end":{"line":13,"column":6}},"3":{"start":{"line":6,"column":8},"end":{"line":12,"column":11}}},"fnMap":{"0":{"name":"(anonymous_0)","decl":{"start":{"line":4,"column":32},"end":{"line":4,"column":33}},"loc":{"start":{"line":4,"column":60},"end":{"line":14,"column":1}}},"1":{"name":"(anonymous_1)","decl":{"start":{"line":5,"column":11},"end":{"line":5,"column":12}},"loc":{"start":{"line":5,"column":25},"end":{"line":13,"column":5}}}},"branchMap":{},"s":{"0":3,"1":3,"2":2,"3":2},"f":{"0":2,"1":2},"b":{}}
,"C:\\Users\\Danny\\Desktop\\work\\brighterion\\app\\components\\main.tsx": {"path":"C:\\Users\\Danny\\Desktop\\work\\brighterion\\app\\components\\main.tsx","statementMap":{"0":{"start":{"line":1,"column":0},"end":{"line":1,"column":41}},"1":{"start":{"line":2,"column":0},"end":{"line":2,"column":56}},"2":{"start":{"line":3,"column":0},"end":{"line":3,"column":49}},"3":{"start":{"line":4,"column":0},"end":{"line":4,"column":55}},"4":{"start":{"line":6,"column":0},"end":{"line":6,"column":null}},"5":{"start":{"line":6,"column":19},"end":{"line":6,"column":28}},"6":{"start":{"line":7,"column":4},"end":{"line":20,"column":null}},"7":{"start":{"line":8,"column":8},"end":{"line":19,"column":10}},"8":{"start":{"line":21,"column":0},"end":{"line":21,"column":null}},"9":{"start":{"line":23,"column":0},"end":{"line":23,"column":20}}},"fnMap":{"0":{"name":"(anonymous_8)","decl":{"start":{"line":6,"column":0},"end":{"line":6,"column":19}},"loc":{"start":{"line":6,"column":0},"end":{"line":21,"column":null}}},"1":{"name":"(anonymous_10)","decl":{"start":{"line":7,"column":4},"end":{"line":7,"column":10}},"loc":{"start":{"line":7,"column":4},"end":{"line":20,"column":5}}}},"branchMap":{},"s":{"0":1,"1":1,"2":1,"3":1,"4":1,"5":1,"6":1,"7":1,"8":1,"9":1},"f":{"0":2,"1":1},"b":{}}
,"C:\\Users\\Danny\\Desktop\\work\\brighterion\\app\\components\\common\\button\\index.tsx": {"path":"C:\\Users\\Danny\\Desktop\\work\\brighterion\\app\\components\\common\\button\\index.tsx","statementMap":{"0":{"start":{"line":1,"column":0},"end":{"line":1,"column":45}},"1":{"start":{"line":6,"column":0},"end":{"line":6,"column":50}},"2":{"start":{"line":6,"column":21},"end":{"line":6,"column":34}},"3":{"start":{"line":8,"column":8},"end":{"line":8,"column":null}},"4":{"start":{"line":9,"column":8},"end":{"line":11,"column":10}},"5":{"start":{"line":13,"column":8},"end":{"line":13,"column":67}},"6":{"start":{"line":16,"column":4},"end":{"line":18,"column":null}},"7":{"start":{"line":17,"column":8},"end":{"line":17,"column":35}},"8":{"start":{"line":20,"column":4},"end":{"line":24,"column":null}},"9":{"start":{"line":21,"column":8},"end":{"line":23,"column":10}},"10":{"start":{"line":25,"column":0},"end":{"line":25,"column":null}},"11":{"start":{"line":27,"column":0},"end":{"line":27,"column":22}}},"fnMap":{"0":{"name":"(anonymous_7)","decl":{"start":{"line":6,"column":0},"end":{"line":6,"column":21}},"loc":{"start":{"line":6,"column":0},"end":{"line":25,"column":null}}},"1":{"name":"Button","decl":{"start":{"line":7,"column":4},"end":{"line":7,"column":17}},"loc":{"start":{"line":7,"column":30},"end":{"line":14,"column":5}}},"2":{"name":"(anonymous_9)","decl":{"start":{"line":16,"column":4},"end":{"line":16,"column":21}},"loc":{"start":{"line":16,"column":33},"end":{"line":18,"column":5}}},"3":{"name":"(anonymous_10)","decl":{"start":{"line":20,"column":4},"end":{"line":20,"column":10}},"loc":{"start":{"line":20,"column":4},"end":{"line":24,"column":5}}}},"branchMap":{"0":{"loc":{"start":{"line":8,"column":8},"end":{"line":8,"column":21}},"type":"binary-expr","locations":[{"start":{"line":8,"column":8},"end":{"line":8,"column":21}},{"start":{"line":8,"column":21},"end":{"line":8,"column":null}}]}},"s":{"0":3,"1":3,"2":3,"3":8,"4":8,"5":8,"6":3,"7":3,"8":3,"9":8,"10":3,"11":3},"f":{"0":3,"1":8,"2":3,"3":8},"b":{"0":[8,8]}}
,"C:\\Users\\Danny\\Desktop\\work\\brighterion\\app\\components\\common\\input\\index.tsx": {"path":"C:\\Users\\Danny\\Desktop\\work\\brighterion\\app\\components\\common\\input\\index.tsx","statementMap":{"0":{"start":{"line":1,"column":0},"end":{"line":1,"column":45}},"1":{"start":{"line":6,"column":0},"end":{"line":6,"column":49}},"2":{"start":{"line":6,"column":20},"end":{"line":6,"column":33}},"3":{"start":{"line":8,"column":8},"end":{"line":8,"column":null}},"4":{"start":{"line":9,"column":8},"end":{"line":11,"column":10}},"5":{"start":{"line":13,"column":8},"end":{"line":13,"column":71}},"6":{"start":{"line":16,"column":4},"end":{"line":20,"column":null}},"7":{"start":{"line":17,"column":16},"end":{"line":17,"column":21}},"8":{"start":{"line":18,"column":8},"end":{"line":18,"column":33}},"9":{"start":{"line":19,"column":8},"end":{"line":19,"column":35}},"10":{"start":{"line":22,"column":4},"end":{"line":26,"column":null}},"11":{"start":{"line":23,"column":8},"end":{"line":25,"column":10}},"12":{"start":{"line":27,"column":0},"end":{"line":27,"column":null}},"13":{"start":{"line":29,"column":0},"end":{"line":29,"column":21}}},"fnMap":{"0":{"name":"(anonymous_7)","decl":{"start":{"line":6,"column":0},"end":{"line":6,"column":20}},"loc":{"start":{"line":6,"column":0},"end":{"line":27,"column":null}}},"1":{"name":"Input","decl":{"start":{"line":7,"column":4},"end":{"line":7,"column":17}},"loc":{"start":{"line":7,"column":30},"end":{"line":14,"column":5}}},"2":{"name":"(anonymous_9)","decl":{"start":{"line":16,"column":4},"end":{"line":16,"column":23}},"loc":{"start":{"line":16,"column":35},"end":{"line":20,"column":5}}},"3":{"name":"(anonymous_10)","decl":{"start":{"line":22,"column":4},"end":{"line":22,"column":10}},"loc":{"start":{"line":22,"column":4},"end":{"line":26,"column":5}}}},"branchMap":{"0":{"loc":{"start":{"line":8,"column":8},"end":{"line":8,"column":21}},"type":"binary-expr","locations":[{"start":{"line":8,"column":8},"end":{"line":8,"column":21}},{"start":{"line":8,"column":21},"end":{"line":8,"column":null}}]}},"s":{"0":3,"1":3,"2":3,"3":8,"4":8,"5":8,"6":3,"7":3,"8":3,"9":3,"10":3,"11":11,"12":3,"13":3},"f":{"0":3,"1":8,"2":3,"3":11},"b":{"0":[8,8]}}
,"C:\\Users\\Danny\\Desktop\\work\\brighterion\\app\\components\\fibonacci-input\\index.tsx": {"path":"C:\\Users\\Danny\\Desktop\\work\\brighterion\\app\\components\\fibonacci-input\\index.tsx","statementMap":{"0":{"start":{"line":1,"column":0},"end":{"line":1,"column":41}},"1":{"start":{"line":2,"column":0},"end":{"line":2,"column":33}},"2":{"start":{"line":3,"column":0},"end":{"line":3,"column":35}},"3":{"start":{"line":4,"column":0},"end":{"line":4,"column":49}},"4":{"start":{"line":5,"column":0},"end":{"line":5,"column":38}},"5":{"start":{"line":10,"column":0},"end":{"line":10,"column":54}},"6":{"start":{"line":10,"column":29},"end":{"line":10,"column":38}},"7":{"start":{"line":12,"column":8},"end":{"line":12,"column":null}},"8":{"start":{"line":14,"column":8},"end":{"line":18,"column":10}},"9":{"start":{"line":20,"column":8},"end":{"line":20,"column":67}},"10":{"start":{"line":21,"column":8},"end":{"line":21,"column":67}},"11":{"start":{"line":22,"column":8},"end":{"line":22,"column":65}},"12":{"start":{"line":25,"column":4},"end":{"line":27,"column":null}},"13":{"start":{"line":26,"column":8},"end":{"line":26,"column":41}},"14":{"start":{"line":29,"column":4},"end":{"line":40,"column":null}},"15":{"start":{"line":30,"column":8},"end":{"line":30,"column":31}},"16":{"start":{"line":32,"column":14},"end":{"line":32,"column":16}},"17":{"start":{"line":32,"column":16},"end":{"line":32,"column":24}},"18":{"start":{"line":32,"column":26},"end":{"line":32,"column":45}},"19":{"start":{"line":33,"column":25},"end":{"line":33,"column":41}},"20":{"start":{"line":35,"column":12},"end":{"line":35,"column":44}},"21":{"start":{"line":36,"column":12},"end":{"line":36,"column":66}},"22":{"start":{"line":38,"column":12},"end":{"line":38,"column":43}},"23":{"start":{"line":42,"column":4},"end":{"line":44,"column":null}},"24":{"start":{"line":43,"column":8},"end":{"line":43,"column":32}},"25":{"start":{"line":46,"column":4},"end":{"line":66,"column":null}},"26":{"start":{"line":46,"column":4},"end":{"line":46,"column":10}},"27":{"start":{"line":47,"column":16},"end":{"line":47,"column":21}},"28":{"start":{"line":48,"column":30},"end":{"line":48,"column":50}},"29":{"start":{"line":49,"column":8},"end":{"line":65,"column":10}},"30":{"start":{"line":52,"column":110},"end":{"line":52,"column":156}},"31":{"start":{"line":53,"column":116},"end":{"line":53,"column":168}},"32":{"start":{"line":67,"column":0},"end":{"line":67,"column":null}},"33":{"start":{"line":69,"column":0},"end":{"line":69,"column":41}}},"fnMap":{"0":{"name":"(anonymous_8)","decl":{"start":{"line":10,"column":0},"end":{"line":10,"column":29}},"loc":{"start":{"line":10,"column":0},"end":{"line":67,"column":null}}},"1":{"name":"FibonacciInput","decl":{"start":{"line":11,"column":4},"end":{"line":11,"column":17}},"loc":{"start":{"line":11,"column":27},"end":{"line":23,"column":5}}},"2":{"name":"(anonymous_10)","decl":{"start":{"line":25,"column":4},"end":{"line":25,"column":21}},"loc":{"start":{"line":25,"column":34},"end":{"line":27,"column":5}}},"3":{"name":"(anonymous_11)","decl":{"start":{"line":29,"column":4},"end":{"line":29,"column":21}},"loc":{"start":{"line":29,"column":33},"end":{"line":40,"column":5}}},"4":{"name":"(anonymous_12)","decl":{"start":{"line":42,"column":4},"end":{"line":42,"column":20}},"loc":{"start":{"line":42,"column":34},"end":{"line":44,"column":5}}},"5":{"name":"(anonymous_13)","decl":{"start":{"line":46,"column":4},"end":{"line":46,"column":10}},"loc":{"start":{"line":46,"column":4},"end":{"line":66,"column":5}}},"6":{"name":"(anonymous_14)","decl":{"start":{"line":52,"column":104},"end":{"line":52,"column":110}},"loc":{"start":{"line":52,"column":104},"end":{"line":52,"column":114}}},"7":{"name":"(anonymous_15)","decl":{"start":{"line":53,"column":110},"end":{"line":53,"column":116}},"loc":{"start":{"line":53,"column":110},"end":{"line":53,"column":120}}}},"branchMap":{"0":{"loc":{"start":{"line":12,"column":8},"end":{"line":12,"column":20}},"type":"binary-expr","locations":[{"start":{"line":12,"column":8},"end":{"line":12,"column":20}},{"start":{"line":12,"column":20},"end":{"line":12,"column":null}}]},"1":{"loc":{"start":{"line":34,"column":12},"end":{"line":34,"column":38}},"type":"binary-expr","locations":[{"start":{"line":34,"column":12},"end":{"line":34,"column":38}},{"start":{"line":34,"column":42},"end":{"line":34,"column":54}},{"start":{"line":34,"column":58},"end":{"line":34,"column":73}}]},"2":{"loc":{"start":{"line":48,"column":38},"end":{"line":48,"column":45}},"type":"cond-expr","locations":[{"start":{"line":48,"column":38},"end":{"line":48,"column":45}},{"start":{"line":48,"column":48},"end":{"line":48,"column":50}}]},"3":{"loc":{"start":{"line":52,"column":80},"end":{"line":52,"column":88}},"type":"cond-expr","locations":[{"start":{"line":52,"column":80},"end":{"line":52,"column":88}},{"start":{"line":52,"column":91},"end":{"line":52,"column":93}}]},"4":{"loc":{"start":{"line":53,"column":86},"end":{"line":53,"column":94}},"type":"cond-expr","locations":[{"start":{"line":53,"column":86},"end":{"line":53,"column":94}},{"start":{"line":53,"column":97},"end":{"line":53,"column":99}}]},"5":{"loc":{"start":{"line":60,"column":20},"end":{"line":60,"column":null}},"type":"cond-expr","locations":[{"start":{"line":60,"column":20},"end":{"line":60,"column":null}},{"start":{"line":63,"column":18},"end":{"line":63,"column":22}}]}},"s":{"0":2,"1":2,"2":2,"3":2,"4":2,"5":2,"6":2,"7":6,"8":6,"9":6,"10":6,"11":6,"12":2,"13":2,"14":2,"15":2,"16":2,"17":2,"18":2,"19":2,"20":1,"21":1,"22":1,"23":2,"24":2,"25":2,"26":12,"27":12,"28":12,"29":12,"30":1,"31":1,"32":2,"33":2},"f":{"0":2,"1":6,"2":2,"3":2,"4":2,"5":12,"6":1,"7":1},"b":{"0":[6,6],"1":[2,2,1],"2":[1,11],"3":[11,1],"4":[1,11],"5":[1,11]}}
,"C:\\Users\\Danny\\Desktop\\work\\brighterion\\app\\components\\results\\index.tsx": {"path":"C:\\Users\\Danny\\Desktop\\work\\brighterion\\app\\components\\results\\index.tsx","statementMap":{"0":{"start":{"line":1,"column":0},"end":{"line":1,"column":41}},"1":{"start":{"line":2,"column":0},"end":{"line":2,"column":38}},"2":{"start":{"line":3,"column":0},"end":{"line":3,"column":52}},"3":{"start":{"line":7,"column":0},"end":{"line":7,"column":39}},"4":{"start":{"line":7,"column":22},"end":{"line":7,"column":31}},"5":{"start":{"line":11,"column":8},"end":{"line":11,"column":null}},"6":{"start":{"line":13,"column":8},"end":{"line":13,"column":44}},"7":{"start":{"line":16,"column":4},"end":{"line":27,"column":null}},"8":{"start":{"line":17,"column":26},"end":{"line":17,"column":36}},"9":{"start":{"line":19,"column":12},"end":{"line":24,"column":15}},"10":{"start":{"line":21,"column":20},"end":{"line":21,"column":73}},"11":{"start":{"line":23,"column":16},"end":{"line":23,"column":71}},"12":{"start":{"line":26,"column":8},"end":{"line":26,"column":20}},"13":{"start":{"line":29,"column":4},"end":{"line":46,"column":null}},"14":{"start":{"line":30,"column":34},"end":{"line":30,"column":85}},"15":{"start":{"line":31,"column":31},"end":{"line":31,"column":55}},"16":{"start":{"line":32,"column":20},"end":{"line":32,"column":21}},"17":{"start":{"line":34,"column":25},"end":{"line":34,"column":26}},"18":{"start":{"line":35,"column":16},"end":{"line":35,"column":55}},"19":{"start":{"line":37,"column":26},"end":{"line":44,"column":18}},"20":{"start":{"line":38,"column":30},"end":{"line":38,"column":54}},"21":{"start":{"line":39,"column":16},"end":{"line":39,"column":81}},"22":{"start":{"line":39,"column":60},"end":{"line":39,"column":81}},"23":{"start":{"line":41,"column":20},"end":{"line":41,"column":44}},"24":{"start":{"line":42,"column":20},"end":{"line":42,"column":28}},"25":{"start":{"line":48,"column":4},"end":{"line":60,"column":null}},"26":{"start":{"line":49,"column":16},"end":{"line":49,"column":28}},"27":{"start":{"line":50,"column":35},"end":{"line":50,"column":72}},"28":{"start":{"line":51,"column":20},"end":{"line":51,"column":77}},"29":{"start":{"line":51,"column":64},"end":{"line":51,"column":71}},"30":{"start":{"line":52,"column":8},"end":{"line":59,"column":10}},"31":{"start":{"line":61,"column":0},"end":{"line":61,"column":null}},"32":{"start":{"line":63,"column":24},"end":{"line":67,"column":1}},"33":{"start":{"line":64,"column":4},"end":{"line":66,"column":6}},"34":{"start":{"line":69,"column":0},"end":{"line":69,"column":49}}},"fnMap":{"0":{"name":"(anonymous_7)","decl":{"start":{"line":7,"column":0},"end":{"line":7,"column":22}},"loc":{"start":{"line":7,"column":0},"end":{"line":61,"column":null}}},"1":{"name":"Results","decl":{"start":{"line":10,"column":4},"end":{"line":10,"column":17}},"loc":{"start":{"line":10,"column":30},"end":{"line":14,"column":5}}},"2":{"name":"(anonymous_9)","decl":{"start":{"line":16,"column":4},"end":{"line":16,"column":22}},"loc":{"start":{"line":16,"column":46},"end":{"line":27,"column":5}}},"3":{"name":"(anonymous_10)","decl":{"start":{"line":19,"column":36},"end":{"line":19,"column":37}},"loc":{"start":{"line":19,"column":48},"end":{"line":24,"column":13}}},"4":{"name":"(anonymous_11)","decl":{"start":{"line":29,"column":4},"end":{"line":29,"column":22}},"loc":{"start":{"line":29,"column":4},"end":{"line":46,"column":5}}},"5":{"name":"(anonymous_12)","decl":{"start":{"line":37,"column":38},"end":{"line":37,"column":null}},"loc":{"start":{"line":37,"column":38},"end":{"line":44,"column":13}}},"6":{"name":"(anonymous_13)","decl":{"start":{"line":48,"column":4},"end":{"line":48,"column":10}},"loc":{"start":{"line":48,"column":4},"end":{"line":60,"column":5}}},"7":{"name":"(anonymous_14)","decl":{"start":{"line":51,"column":55},"end":{"line":51,"column":56}},"loc":{"start":{"line":51,"column":59},"end":{"line":51,"column":65}}},"8":{"name":"(anonymous_15)","decl":{"start":{"line":63,"column":24},"end":{"line":63,"column":25}},"loc":{"start":{"line":63,"column":35},"end":{"line":67,"column":1}}}},"branchMap":{"0":{"loc":{"start":{"line":11,"column":8},"end":{"line":11,"column":21}},"type":"binary-expr","locations":[{"start":{"line":11,"column":8},"end":{"line":11,"column":21}},{"start":{"line":11,"column":21},"end":{"line":11,"column":null}}]},"1":{"loc":{"start":{"line":18,"column":12},"end":{"line":18,"column":24}},"type":"binary-expr","locations":[{"start":{"line":18,"column":12},"end":{"line":18,"column":24}},{"start":{"line":18,"column":28},"end":{"line":18,"column":51}}]},"2":{"loc":{"start":{"line":30,"column":34},"end":{"line":30,"column":49}},"type":"binary-expr","locations":[{"start":{"line":30,"column":34},"end":{"line":30,"column":49}},{"start":{"line":30,"column":53},"end":{"line":30,"column":85}}]},"3":{"loc":{"start":{"line":39,"column":16},"end":{"line":39,"column":81}},"type":"if","locations":[{"start":{"line":39,"column":16},"end":{"line":39,"column":81}},{"start":{"line":39,"column":16},"end":{"line":39,"column":81}}]},"4":{"loc":{"start":{"line":39,"column":20},"end":{"line":39,"column":48}},"type":"binary-expr","locations":[{"start":{"line":39,"column":20},"end":{"line":39,"column":48}},{"start":{"line":39,"column":52},"end":{"line":39,"column":58}}]},"5":{"loc":{"start":{"line":51,"column":35},"end":{"line":51,"column":73}},"type":"cond-expr","locations":[{"start":{"line":51,"column":35},"end":{"line":51,"column":73}},{"start":{"line":51,"column":76},"end":{"line":51,"column":77}}]}},"s":{"0":2,"1":2,"2":2,"3":2,"4":2,"5":2,"6":2,"7":2,"8":3,"9":1,"10":1,"11":9,"12":2,"13":2,"14":1,"15":1,"16":1,"17":1,"18":10,"19":1,"20":10,"21":10,"22":1,"23":10,"24":10,"25":2,"26":3,"27":3,"28":3,"29":10,"30":3,"31":2,"32":2,"33":3,"34":2},"f":{"0":2,"1":2,"2":3,"3":10,"4":1,"5":10,"6":3,"7":10,"8":3},"b":{"0":[2,2],"1":[3,1],"2":[1,1],"3":[1,9],"4":[10,9],"5":[1,2]}}
,"C:\\Users\\Danny\\Desktop\\work\\brighterion\\app\\constants\\action-types.tsx": {"path":"C:\\Users\\Danny\\Desktop\\work\\brighterion\\app\\constants\\action-types.tsx","statementMap":{"0":{"start":{"line":1,"column":34},"end":{"line":1,"column":53}},"1":{"start":{"line":4,"column":4},"end":{"line":4,"column":21}}},"fnMap":{},"branchMap":{},"s":{"0":4,"1":4},"f":{},"b":{}}
,"C:\\Users\\Danny\\Desktop\\work\\brighterion\\app\\helpers\\fibonacci.tsx": {"path":"C:\\Users\\Danny\\Desktop\\work\\brighterion\\app\\helpers\\fibonacci.tsx","statementMap":{"0":{"start":{"line":2,"column":18},"end":{"line":11,"column":1}},"1":{"start":{"line":3,"column":16},"end":{"line":3,"column":22}},"2":{"start":{"line":5,"column":8},"end":{"line":5,"column":19}},"3":{"start":{"line":7,"column":17},"end":{"line":7,"column":18}},"4":{"start":{"line":8,"column":8},"end":{"line":8,"column":41}},"5":{"start":{"line":10,"column":4},"end":{"line":10,"column":15}},"6":{"start":{"line":27,"column":4},"end":{"line":27,"column":13}},"7":{"start":{"line":14,"column":27},"end":{"line":24,"column":1}},"8":{"start":{"line":16,"column":8},"end":{"line":16,"column":19}},"9":{"start":{"line":18,"column":8},"end":{"line":18,"column":22}},"10":{"start":{"line":20,"column":18},"end":{"line":20,"column":43}},"11":{"start":{"line":21,"column":8},"end":{"line":21,"column":50}},"12":{"start":{"line":22,"column":8},"end":{"line":22,"column":17}},"13":{"start":{"line":28,"column":4},"end":{"line":28,"column":22}}},"fnMap":{"0":{"name":"(anonymous_0)","decl":{"start":{"line":2,"column":18},"end":{"line":2,"column":19}},"loc":{"start":{"line":2,"column":31},"end":{"line":11,"column":1}}},"1":{"name":"(anonymous_1)","decl":{"start":{"line":14,"column":27},"end":{"line":14,"column":28}},"loc":{"start":{"line":14,"column":37},"end":{"line":24,"column":1}}}},"branchMap":{"0":{"loc":{"start":{"line":4,"column":8},"end":{"line":4,"column":18}},"type":"binary-expr","locations":[{"start":{"line":4,"column":8},"end":{"line":4,"column":18}},{"start":{"line":4,"column":22},"end":{"line":4,"column":32}}]},"1":{"loc":{"start":{"line":15,"column":8},"end":{"line":15,"column":15}},"type":"binary-expr","locations":[{"start":{"line":15,"column":8},"end":{"line":15,"column":15}},{"start":{"line":15,"column":19},"end":{"line":15,"column":26}}]}},"s":{"0":2,"1":3,"2":1,"3":2,"4":101,"5":2,"6":2,"7":2,"8":1,"9":5,"10":125,"11":125,"12":125,"13":2},"f":{"0":3,"1":131},"b":{"0":[3,2],"1":[131,131]}}
,"C:\\Users\\Danny\\Desktop\\work\\brighterion\\app\\helpers\\selectors.tsx": {"path":"C:\\Users\\Danny\\Desktop\\work\\brighterion\\app\\helpers\\selectors.tsx","statementMap":{"0":{"start":{"line":1,"column":24},"end":{"line":3,"column":1}},"1":{"start":{"line":2,"column":4},"end":{"line":2,"column":50}},"2":{"start":{"line":6,"column":4},"end":{"line":6,"column":19}}},"fnMap":{"0":{"name":"(anonymous_0)","decl":{"start":{"line":1,"column":24},"end":{"line":1,"column":25}},"loc":{"start":{"line":1,"column":37},"end":{"line":3,"column":1}}}},"branchMap":{"0":{"loc":{"start":{"line":2,"column":11},"end":{"line":2,"column":18}},"type":"binary-expr","locations":[{"start":{"line":2,"column":11},"end":{"line":2,"column":18}},{"start":{"line":2,"column":22},"end":{"line":2,"column":49}}]}},"s":{"0":2,"1":3,"2":2},"f":{"0":3},"b":{"0":[3,1]}}
,"C:\\Users\\Danny\\Desktop\\work\\brighterion\\app\\reducers\\fibonacci.tsx": {"path":"C:\\Users\\Danny\\Desktop\\work\\brighterion\\app\\reducers\\fibonacci.tsx","statementMap":{"0":{"start":{"line":1,"column":0},"end":{"line":1,"column":59}},"1":{"start":{"line":2,"column":0},"end":{"line":2,"column":32}},"2":{"start":{"line":3,"column":0},"end":{"line":3,"column":66}},"3":{"start":{"line":5,"column":0},"end":{"line":15,"column":2}},"4":{"start":{"line":5,"column":16},"end":{"line":5,"column":31}},"5":{"start":{"line":8,"column":18},"end":{"line":8,"column":20}},"6":{"start":{"line":8,"column":20},"end":{"line":8,"column":25}},"7":{"start":{"line":8,"column":27},"end":{"line":8,"column":47}},"8":{"start":{"line":9,"column":33},"end":{"line":9,"column":97}},"9":{"start":{"line":10,"column":12},"end":{"line":11,"column":51}},"10":{"start":{"line":13,"column":12},"end":{"line":13,"column":25}}},"fnMap":{"0":{"name":"(anonymous_0)","decl":{"start":{"line":5,"column":15},"end":{"line":5,"column":16}},"loc":{"start":{"line":5,"column":42},"end":{"line":15,"column":1}}}},"branchMap":{"0":{"loc":{"start":{"line":5,"column":16},"end":{"line":5,"column":31}},"type":"if","locations":[{"start":{"line":5,"column":16},"end":{"line":5,"column":31}},{"start":{"line":5,"column":16},"end":{"line":5,"column":31}}]},"1":{"loc":{"start":{"line":7,"column":8},"end":{"line":11,"column":51}},"type":"switch","locations":[{"start":{"line":7,"column":8},"end":{"line":11,"column":51}},{"start":{"line":12,"column":8},"end":{"line":13,"column":25}}]},"2":{"loc":{"start":{"line":9,"column":53},"end":{"line":9,"column":69}},"type":"cond-expr","locations":[{"start":{"line":9,"column":53},"end":{"line":9,"column":69}},{"start":{"line":9,"column":72},"end":{"line":9,"column":97}}]}},"s":{"0":1,"1":1,"2":1,"3":1,"4":4,"5":3,"6":3,"7":3,"8":3,"9":3,"10":1},"f":{"0":4},"b":{"0":[0,4],"1":[3,1],"2":[0,3]}}
}
