TN:
SF:C:\Users\Danny\Desktop\work\brighterion\app\actions\index.tsx
FN:4,(anonymous_0)
FN:5,(anonymous_1)
FNF:2
FNH:2
FNDA:2,(anonymous_0)
FNDA:2,(anonymous_1)
DA:1,3
DA:4,3
DA:5,2
DA:6,2
LF:4
LH:4
BRF:0
BRH:0
end_of_record
TN:
SF:C:\Users\Danny\Desktop\work\brighterion\app\components\main.tsx
FN:6,(anonymous_8)
FN:7,(anonymous_10)
FNF:2
FNH:2
FNDA:2,(anonymous_8)
FNDA:1,(anonymous_10)
DA:1,1
DA:2,1
DA:3,1
DA:4,1
DA:6,1
DA:7,1
DA:8,1
DA:21,1
DA:23,1
LF:9
LH:9
BRF:0
BRH:0
end_of_record
TN:
SF:C:\Users\Danny\Desktop\work\brighterion\app\components\common\button\index.tsx
FN:6,(anonymous_7)
FN:7,Button
FN:16,(anonymous_9)
FN:20,(anonymous_10)
FNF:4
FNH:4
FNDA:3,(anonymous_7)
FNDA:8,Button
FNDA:3,(anonymous_9)
FNDA:8,(anonymous_10)
DA:1,3
DA:6,3
DA:8,8
DA:9,8
DA:13,8
DA:16,3
DA:17,3
DA:20,3
DA:21,8
DA:25,3
DA:27,3
LF:11
LH:11
BRDA:8,0,0,8
BRDA:8,0,1,8
BRF:2
BRH:2
end_of_record
TN:
SF:C:\Users\Danny\Desktop\work\brighterion\app\components\common\input\index.tsx
FN:6,(anonymous_7)
FN:7,Input
FN:16,(anonymous_9)
FN:22,(anonymous_10)
FNF:4
FNH:4
FNDA:3,(anonymous_7)
FNDA:8,Input
FNDA:3,(anonymous_9)
FNDA:11,(anonymous_10)
DA:1,3
DA:6,3
DA:8,8
DA:9,8
DA:13,8
DA:16,3
DA:17,3
DA:18,3
DA:19,3
DA:22,3
DA:23,11
DA:27,3
DA:29,3
LF:13
LH:13
BRDA:8,0,0,8
BRDA:8,0,1,8
BRF:2
BRH:2
end_of_record
TN:
SF:C:\Users\Danny\Desktop\work\brighterion\app\components\fibonacci-input\index.tsx
FN:10,(anonymous_8)
FN:11,FibonacciInput
FN:25,(anonymous_10)
FN:29,(anonymous_11)
FN:42,(anonymous_12)
FN:46,(anonymous_13)
FN:52,(anonymous_14)
FN:53,(anonymous_15)
FNF:8
FNH:8
FNDA:2,(anonymous_8)
FNDA:6,FibonacciInput
FNDA:2,(anonymous_10)
FNDA:2,(anonymous_11)
FNDA:2,(anonymous_12)
FNDA:12,(anonymous_13)
FNDA:1,(anonymous_14)
FNDA:1,(anonymous_15)
DA:1,2
DA:2,2
DA:3,2
DA:4,2
DA:5,2
DA:10,2
DA:12,6
DA:14,6
DA:20,6
DA:21,6
DA:22,6
DA:25,2
DA:26,2
DA:29,2
DA:30,2
DA:32,2
DA:33,2
DA:35,1
DA:36,1
DA:38,1
DA:42,2
DA:43,2
DA:46,12
DA:47,12
DA:48,12
DA:49,12
DA:52,1
DA:53,1
DA:67,2
DA:69,2
LF:30
LH:30
BRDA:12,0,0,6
BRDA:12,0,1,6
BRDA:34,1,0,2
BRDA:34,1,1,2
BRDA:34,1,2,1
BRDA:48,2,0,1
BRDA:48,2,1,11
BRDA:52,3,0,11
BRDA:52,3,1,1
BRDA:53,4,0,1
BRDA:53,4,1,11
BRDA:60,5,0,1
BRDA:60,5,1,11
BRF:13
BRH:13
end_of_record
TN:
SF:C:\Users\Danny\Desktop\work\brighterion\app\components\results\index.tsx
FN:7,(anonymous_7)
FN:10,Results
FN:16,(anonymous_9)
FN:19,(anonymous_10)
FN:29,(anonymous_11)
FN:37,(anonymous_12)
FN:48,(anonymous_13)
FN:51,(anonymous_14)
FN:63,(anonymous_15)
FNF:9
FNH:9
FNDA:2,(anonymous_7)
FNDA:2,Results
FNDA:3,(anonymous_9)
FNDA:10,(anonymous_10)
FNDA:1,(anonymous_11)
FNDA:10,(anonymous_12)
FNDA:3,(anonymous_13)
FNDA:10,(anonymous_14)
FNDA:3,(anonymous_15)
DA:1,2
DA:2,2
DA:3,2
DA:7,2
DA:11,2
DA:13,2
DA:16,2
DA:17,3
DA:19,1
DA:21,1
DA:23,9
DA:26,2
DA:29,2
DA:30,1
DA:31,1
DA:32,1
DA:34,1
DA:35,10
DA:37,1
DA:38,10
DA:39,10
DA:41,10
DA:42,10
DA:48,2
DA:49,3
DA:50,3
DA:51,10
DA:52,3
DA:61,2
DA:63,2
DA:64,3
DA:69,2
LF:32
LH:32
BRDA:11,0,0,2
BRDA:11,0,1,2
BRDA:18,1,0,3
BRDA:18,1,1,1
BRDA:30,2,0,1
BRDA:30,2,1,1
BRDA:39,3,0,1
BRDA:39,3,1,9
BRDA:39,4,0,10
BRDA:39,4,1,9
BRDA:51,5,0,1
BRDA:51,5,1,2
BRF:12
BRH:12
end_of_record
TN:
SF:C:\Users\Danny\Desktop\work\brighterion\app\constants\action-types.tsx
FNF:0
FNH:0
DA:1,4
DA:4,4
LF:2
LH:2
BRF:0
BRH:0
end_of_record
TN:
SF:C:\Users\Danny\Desktop\work\brighterion\app\helpers\fibonacci.tsx
FN:2,(anonymous_0)
FN:14,(anonymous_1)
FNF:2
FNH:2
FNDA:3,(anonymous_0)
FNDA:131,(anonymous_1)
DA:2,2
DA:3,3
DA:5,1
DA:7,2
DA:8,101
DA:10,2
DA:14,2
DA:16,1
DA:18,5
DA:20,125
DA:21,125
DA:22,125
DA:27,2
DA:28,2
LF:14
LH:14
BRDA:4,0,0,3
BRDA:4,0,1,2
BRDA:15,1,0,131
BRDA:15,1,1,131
BRF:4
BRH:4
end_of_record
TN:
SF:C:\Users\Danny\Desktop\work\brighterion\app\helpers\selectors.tsx
FN:1,(anonymous_0)
FNF:1
FNH:1
FNDA:3,(anonymous_0)
DA:1,2
DA:2,3
DA:6,2
LF:3
LH:3
BRDA:2,0,0,3
BRDA:2,0,1,1
BRF:2
BRH:2
end_of_record
TN:
SF:C:\Users\Danny\Desktop\work\brighterion\app\reducers\fibonacci.tsx
FN:5,(anonymous_0)
FNF:1
FNH:1
FNDA:4,(anonymous_0)
DA:1,1
DA:2,1
DA:3,1
DA:5,4
DA:8,3
DA:9,3
DA:10,3
DA:13,1
LF:8
LH:8
BRDA:5,0,0,0
BRDA:5,0,1,4
BRDA:7,1,0,3
BRDA:7,1,1,1
BRDA:9,2,0,0
BRDA:9,2,1,3
BRF:6
BRH:4
end_of_record
